Log file open, 05/22/17 11:41:52
LogInit:Display: Running engine for game: GameProject
LogPlatformFile: Not using cached read wrapper
LogInit:Display: RandInit(1522291274) SRandInit(1522291274).
LogTaskGraph: Started task graph with 5 named threads and 6 total threads with 1 sets of task threads.
LogStats: Stats thread started at 0.088686
LogPluginManager: Loaded Plugin Paper2D, From D:/Unreal Engine/Epic Games/4.14/Engine/Plugins/2D/Paper2D/Paper2D.uplugin
LogPluginManager: Loaded Plugin LightPropagationVolume, From D:/Unreal Engine/Epic Games/4.14/Engine/Plugins/Blendables/LightPropagationVolume/LightPropagationVolume.uplugin
LogPluginManager: Loaded Plugin BlankPlugin, From D:/Unreal Engine/Epic Games/4.14/Engine/Plugins/Developer/BlankPlugin/BlankPlugin.uplugin
LogPluginManager: Loaded Plugin CodeLiteSourceCodeAccess, From D:/Unreal Engine/Epic Games/4.14/Engine/Plugins/Developer/CodeLiteSourceCodeAccess/CodeLiteSourceCodeAccess.uplugin
LogPluginManager: Loaded Plugin GitSourceControl, From D:/Unreal Engine/Epic Games/4.14/Engine/Plugins/Developer/GitSourceControl/GitSourceControl.uplugin
LogPluginManager: Loaded Plugin KDevelopSourceCodeAccess, From D:/Unreal Engine/Epic Games/4.14/Engine/Plugins/Developer/KDevelopSourceCodeAccess/KDevelopSourceCodeAccess.uplugin
LogPluginManager: Loaded Plugin NullSourceCodeAccess, From D:/Unreal Engine/Epic Games/4.14/Engine/Plugins/Developer/NullSourceCodeAccess/NullSourceCodeAccess.uplugin
LogPluginManager: Loaded Plugin OneSkyLocalizationService, From D:/Unreal Engine/Epic Games/4.14/Engine/Plugins/Developer/OneSkyLocalizationService/OneSkyLocalizationService.uplugin
LogPluginManager: Loaded Plugin PerforceSourceControl, From D:/Unreal Engine/Epic Games/4.14/Engine/Plugins/Developer/PerforceSourceControl/PerforceSourceControl.uplugin
LogPluginManager: Loaded Plugin SubversionSourceControl, From D:/Unreal Engine/Epic Games/4.14/Engine/Plugins/Developer/SubversionSourceControl/SubversionSourceControl.uplugin
LogPluginManager: Loaded Plugin UObjectPlugin, From D:/Unreal Engine/Epic Games/4.14/Engine/Plugins/Developer/UObjectPlugin/UObjectPlugin.uplugin
LogPluginManager: Loaded Plugin VisualStudioSourceCodeAccess, From D:/Unreal Engine/Epic Games/4.14/Engine/Plugins/Developer/VisualStudioSourceCodeAccess/VisualStudioSourceCodeAccess.uplugin
LogPluginManager: Loaded Plugin XCodeSourceCodeAccess, From D:/Unreal Engine/Epic Games/4.14/Engine/Plugins/Developer/XCodeSourceCodeAccess/XCodeSourceCodeAccess.uplugin
LogPluginManager: Loaded Plugin AudioCapture, From D:/Unreal Engine/Epic Games/4.14/Engine/Plugins/Editor/AudioCapture/AudioCapture.uplugin
LogPluginManager: Loaded Plugin EpicSurvey, From D:/Unreal Engine/Epic Games/4.14/Engine/Plugins/Editor/EpicSurvey/EpicSurvey.uplugin
LogPluginManager: Loaded Plugin MacGraphicsSwitching, From D:/Unreal Engine/Epic Games/4.14/Engine/Plugins/Editor/MacGraphicsSwitching/MacGraphicsSwitching.uplugin
LogPluginManager: Loaded Plugin MobileLauncherProfileWizard, From D:/Unreal Engine/Epic Games/4.14/Engine/Plugins/Editor/MobileLauncherProfileWizard/MobileLauncherProfileWizard.uplugin
LogPluginManager: Loaded Plugin PluginBrowser, From D:/Unreal Engine/Epic Games/4.14/Engine/Plugins/Editor/PluginBrowser/PluginBrowser.uplugin
LogPluginManager: Loaded Plugin SpeedTreeImporter, From D:/Unreal Engine/Epic Games/4.14/Engine/Plugins/Editor/SpeedTreeImporter/SpeedTreeImporter.uplugin
LogPluginManager: Loaded Plugin SuperSearchEditor, From D:/Unreal Engine/Epic Games/4.14/Engine/Plugins/Editor/SuperSearchEditor/SuperSearchEditor.uplugin
LogPluginManager: Loaded Plugin AlembicImporter, From D:/Unreal Engine/Epic Games/4.14/Engine/Plugins/Experimental/AlembicImporter/AlembicImporter.uplugin
LogPluginManager: Loaded Plugin BlueprintStats, From D:/Unreal Engine/Epic Games/4.14/Engine/Plugins/Experimental/BlueprintStats/BlueprintStats.uplugin
LogPluginManager: Loaded Plugin CharacterAI, From D:/Unreal Engine/Epic Games/4.14/Engine/Plugins/Experimental/CharacterAI/CharacterAI.uplugin
LogPluginManager: Loaded Plugin CodeEditor, From D:/Unreal Engine/Epic Games/4.14/Engine/Plugins/Experimental/CodeEditor/CodeEditor.uplugin
LogPluginManager: Loaded Plugin CodeView, From D:/Unreal Engine/Epic Games/4.14/Engine/Plugins/Experimental/CodeView/CodeView.uplugin
LogPluginManager: Loaded Plugin HTML5Networking, From D:/Unreal Engine/Epic Games/4.14/Engine/Plugins/Experimental/HTML5Networking/HTML5Networking.uplugin
LogPluginManager: Loaded Plugin OSVR, From D:/Unreal Engine/Epic Games/4.14/Engine/Plugins/Experimental/OSVR/OSVR.uplugin
LogPluginManager: Loaded Plugin Phya, From D:/Unreal Engine/Epic Games/4.14/Engine/Plugins/Experimental/Phya/Phya.uplugin
LogPluginManager: Loaded Plugin SignificanceManager, From D:/Unreal Engine/Epic Games/4.14/Engine/Plugins/Experimental/SignificanceManager/SignificanceManager.uplugin
LogPluginManager: Loaded Plugin SimpleHMD, From D:/Unreal Engine/Epic Games/4.14/Engine/Plugins/Experimental/SimpleHMD/SimpleHMD.uplugin
LogPluginManager: Loaded Plugin StereoPanorama, From D:/Unreal Engine/Epic Games/4.14/Engine/Plugins/Experimental/StereoPanorama/StereoPanorama.uplugin
LogPluginManager: Loaded Plugin StructBox, From D:/Unreal Engine/Epic Games/4.14/Engine/Plugins/Experimental/StructBox/StructBox.uplugin
LogPluginManager: Loaded Plugin AndroidMedia, From D:/Unreal Engine/Epic Games/4.14/Engine/Plugins/Media/AndroidMedia/AndroidMedia.uplugin
LogPluginManager: Loaded Plugin AvfMedia, From D:/Unreal Engine/Epic Games/4.14/Engine/Plugins/Media/AvfMedia/AvfMedia.uplugin
LogPluginManager: Loaded Plugin MediaPlayerEditor, From D:/Unreal Engine/Epic Games/4.14/Engine/Plugins/Media/MediaPlayerEditor/MediaPlayerEditor.uplugin
LogPluginManager: Loaded Plugin WmfMedia, From D:/Unreal Engine/Epic Games/4.14/Engine/Plugins/Media/WmfMedia/WmfMedia.uplugin
LogPluginManager: Loaded Plugin MessagingDebugger, From D:/Unreal Engine/Epic Games/4.14/Engine/Plugins/Messaging/MessagingDebugger/MessagingDebugger.uplugin
LogPluginManager: Loaded Plugin TcpMessaging, From D:/Unreal Engine/Epic Games/4.14/Engine/Plugins/Messaging/TcpMessaging/TcpMessaging.uplugin
LogPluginManager: Loaded Plugin UdpMessaging, From D:/Unreal Engine/Epic Games/4.14/Engine/Plugins/Messaging/UdpMessaging/UdpMessaging.uplugin
LogPluginManager: Loaded Plugin LevelSequenceEditor, From D:/Unreal Engine/Epic Games/4.14/Engine/Plugins/MovieScene/LevelSequenceEditor/LevelSequenceEditor.uplugin
LogPluginManager: Loaded Plugin MatineeToLevelSequence, From D:/Unreal Engine/Epic Games/4.14/Engine/Plugins/MovieScene/MatineeToLevelSequence/MatineeToLevelSequence.uplugin
LogPluginManager: Loaded Plugin NetcodeUnitTest, From D:/Unreal Engine/Epic Games/4.14/Engine/Plugins/NetcodeUnitTest/NetcodeUnitTest/NetcodeUnitTest.uplugin
LogPluginManager: Loaded Plugin NUTUnrealEngine4, From D:/Unreal Engine/Epic Games/4.14/Engine/Plugins/NetcodeUnitTest/NUTUnrealEngine4/NUTUnrealEngine4.uplugin
LogPluginManager: Loaded Plugin OnlineSubsystemGameCircle, From D:/Unreal Engine/Epic Games/4.14/Engine/Plugins/Online/Android/OnlineSubsystemGameCircle/OnlineSubsystemGameCircle.uplugin
LogPluginManager: Loaded Plugin OnlineSubsystemGooglePlay, From D:/Unreal Engine/Epic Games/4.14/Engine/Plugins/Online/Android/OnlineSubsystemGooglePlay/OnlineSubsystemGooglePlay.uplugin
LogPluginManager: Loaded Plugin OnlineSubsystemIOS, From D:/Unreal Engine/Epic Games/4.14/Engine/Plugins/Online/IOS/OnlineSubsystemIOS/OnlineSubsystemIOS.uplugin
LogPluginManager: Loaded Plugin OnlineFramework, From D:/Unreal Engine/Epic Games/4.14/Engine/Plugins/Online/OnlineFramework/OnlineFramework.uplugin
LogPluginManager: Loaded Plugin OnlineSubsystem, From D:/Unreal Engine/Epic Games/4.14/Engine/Plugins/Online/OnlineSubsystem/OnlineSubsystem.uplugin
LogPluginManager: Loaded Plugin OnlineSubsystemAmazon, From D:/Unreal Engine/Epic Games/4.14/Engine/Plugins/Online/OnlineSubsystemAmazon/OnlineSubsystemAmazon.uplugin
LogPluginManager: Loaded Plugin OnlineSubsystemFacebook, From D:/Unreal Engine/Epic Games/4.14/Engine/Plugins/Online/OnlineSubsystemFacebook/OnlineSubsystemFacebook.uplugin
LogPluginManager: Loaded Plugin OnlineSubsystemNull, From D:/Unreal Engine/Epic Games/4.14/Engine/Plugins/Online/OnlineSubsystemNull/OnlineSubsystemNull.uplugin
LogPluginManager: Loaded Plugin OnlineSubsystemOculus, From D:/Unreal Engine/Epic Games/4.14/Engine/Plugins/Online/OnlineSubsystemOculus/OnlineSubsystemOculus.uplugin
LogPluginManager: Loaded Plugin OnlineSubsystemSteam, From D:/Unreal Engine/Epic Games/4.14/Engine/Plugins/Online/OnlineSubsystemSteam/OnlineSubsystemSteam.uplugin
LogPluginManager: Loaded Plugin OnlineSubsystemUtils, From D:/Unreal Engine/Epic Games/4.14/Engine/Plugins/Online/OnlineSubsystemUtils/OnlineSubsystemUtils.uplugin
LogPluginManager: Loaded Plugin IOSTapJoy, From D:/Unreal Engine/Epic Games/4.14/Engine/Plugins/Runtime/Advertising/IOSTapJoy/IOSTapJoy.uplugin
LogPluginManager: Loaded Plugin AnalyticsBlueprintLibrary, From D:/Unreal Engine/Epic Games/4.14/Engine/Plugins/Runtime/Analytics/AnalyticsBlueprintLibrary/AnalyticsBlueprintLibrary.uplugin
LogPluginManager: Loaded Plugin AnalyticsMulticast, From D:/Unreal Engine/Epic Games/4.14/Engine/Plugins/Runtime/Analytics/AnalyticsMulticast/AnalyticsMulticast.uplugin
LogPluginManager: Loaded Plugin Apsalar, From D:/Unreal Engine/Epic Games/4.14/Engine/Plugins/Runtime/Analytics/Apsalar/Apsalar.uplugin
LogPluginManager: Loaded Plugin FileLogging, From D:/Unreal Engine/Epic Games/4.14/Engine/Plugins/Runtime/Analytics/FileLogging/FileLogging.uplugin
LogPluginManager: Loaded Plugin Flurry, From D:/Unreal Engine/Epic Games/4.14/Engine/Plugins/Runtime/Analytics/Flurry/Flurry.uplugin
LogPluginManager: Loaded Plugin AndroidDeviceProfileSelector, From D:/Unreal Engine/Epic Games/4.14/Engine/Plugins/Runtime/AndroidDeviceProfileSelector/AndroidDeviceProfileSelector.uplugin
LogPluginManager: Loaded Plugin AndroidMoviePlayer, From D:/Unreal Engine/Epic Games/4.14/Engine/Plugins/Runtime/AndroidMoviePlayer/AndroidMoviePlayer.uplugin
LogPluginManager: Loaded Plugin AppleMoviePlayer, From D:/Unreal Engine/Epic Games/4.14/Engine/Plugins/Runtime/AppleMoviePlayer/AppleMoviePlayer.uplugin
LogPluginManager: Loaded Plugin ArchVisCharacter, From D:/Unreal Engine/Epic Games/4.14/Engine/Plugins/Runtime/ArchVisCharacter/ArchVisCharacter.uplugin
LogPluginManager: Loaded Plugin CableComponent, From D:/Unreal Engine/Epic Games/4.14/Engine/Plugins/Runtime/CableComponent/CableComponent.uplugin
LogPluginManager: Loaded Plugin CustomMeshComponent, From D:/Unreal Engine/Epic Games/4.14/Engine/Plugins/Runtime/CustomMeshComponent/CustomMeshComponent.uplugin
LogPluginManager: Loaded Plugin ExampleDeviceProfileSelector, From D:/Unreal Engine/Epic Games/4.14/Engine/Plugins/Runtime/ExampleDeviceProfileSelector/ExampleDeviceProfileSelector.uplugin
LogPluginManager: Loaded Plugin GearVR, From D:/Unreal Engine/Epic Games/4.14/Engine/Plugins/Runtime/GearVR/GearVR.uplugin
LogPluginManager: Loaded Plugin GoogleVRController, From D:/Unreal Engine/Epic Games/4.14/Engine/Plugins/Runtime/GoogleVR/GoogleVRController/GoogleVRController.uplugin
LogPluginManager: Loaded Plugin GoogleVRHMD, From D:/Unreal Engine/Epic Games/4.14/Engine/Plugins/Runtime/GoogleVR/GoogleVRHMD/GoogleVRHMD.uplugin
LogPluginManager: Loaded Plugin IOSDeviceProfileSelector, From D:/Unreal Engine/Epic Games/4.14/Engine/Plugins/Runtime/IOSDeviceProfileSelector/IOSDeviceProfileSelector.uplugin
LogPluginManager: Loaded Plugin LeapMotion, From D:/Unreal Engine/Epic Games/4.14/Engine/Plugins/Runtime/LeapMotion/LeapMotion.uplugin
LogPluginManager: Loaded Plugin LinuxDeviceProfileSelector, From D:/Unreal Engine/Epic Games/4.14/Engine/Plugins/Runtime/LinuxDeviceProfileSelector/LinuxDeviceProfileSelector.uplugin
LogPluginManager: Loaded Plugin MIDIDevice, From D:/Unreal Engine/Epic Games/4.14/Engine/Plugins/Runtime/MIDIDevice/MIDIDevice.uplugin
LogPluginManager: Loaded Plugin MobilePatchingUtils, From D:/Unreal Engine/Epic Games/4.14/Engine/Plugins/Runtime/MobilePatchingUtils/MobilePatchingUtils.uplugin
LogPluginManager: Loaded Plugin Ansel, From D:/Unreal Engine/Epic Games/4.14/Engine/Plugins/Runtime/Nvidia/Ansel/Ansel.uplugin
LogPluginManager: Loaded Plugin OculusAudio, From D:/Unreal Engine/Epic Games/4.14/Engine/Plugins/Runtime/OculusAudio/OculusAudio.uplugin
LogPluginManager: Loaded Plugin OculusInput, From D:/Unreal Engine/Epic Games/4.14/Engine/Plugins/Runtime/OculusInput/OculusInput.uplugin
LogPluginManager: Loaded Plugin OculusLibrary, From D:/Unreal Engine/Epic Games/4.14/Engine/Plugins/Runtime/OculusLibrary/OculusLibrary.uplugin
LogPluginManager: Loaded Plugin OculusRift, From D:/Unreal Engine/Epic Games/4.14/Engine/Plugins/Runtime/OculusRift/OculusRift.uplugin
LogPluginManager: Loaded Plugin Oodle, From D:/Unreal Engine/Epic Games/4.14/Engine/Plugins/Runtime/PacketHandlers/CompressionComponents/Oodle/Oodle.uplugin
LogPluginManager: Loaded Plugin ProceduralMeshComponent, From D:/Unreal Engine/Epic Games/4.14/Engine/Plugins/Runtime/ProceduralMeshComponent/ProceduralMeshComponent.uplugin
LogPluginManager: Loaded Plugin SoundMod, From D:/Unreal Engine/Epic Games/4.14/Engine/Plugins/Runtime/SoundMod/SoundMod.uplugin
LogPluginManager: Loaded Plugin SoundVisualizations, From D:/Unreal Engine/Epic Games/4.14/Engine/Plugins/Runtime/SoundVisualizations/SoundVisualizations.uplugin
LogPluginManager: Loaded Plugin SteamController, From D:/Unreal Engine/Epic Games/4.14/Engine/Plugins/Runtime/Steam/SteamController/SteamController.uplugin
LogPluginManager: Loaded Plugin SteamVR, From D:/Unreal Engine/Epic Games/4.14/Engine/Plugins/Runtime/Steam/SteamVR/SteamVR.uplugin
LogPluginManager: Loaded Plugin WebBrowserWidget, From D:/Unreal Engine/Epic Games/4.14/Engine/Plugins/Runtime/WebBrowserWidget/WebBrowserWidget.uplugin
LogPluginManager: Loaded Plugin WindowsDeviceProfileSelector, From D:/Unreal Engine/Epic Games/4.14/Engine/Plugins/Runtime/WindowsDeviceProfileSelector/WindowsDeviceProfileSelector.uplugin
LogPluginManager: Loaded Plugin WindowsMoviePlayer, From D:/Unreal Engine/Epic Games/4.14/Engine/Plugins/Runtime/WindowsMoviePlayer/WindowsMoviePlayer.uplugin
LogPluginManager: Loaded Plugin ScriptPlugin, From D:/Unreal Engine/Epic Games/4.14/Engine/Plugins/ScriptPlugin/ScriptPlugin.uplugin
LogPluginManager: Loaded Plugin SlateRemote, From D:/Unreal Engine/Epic Games/4.14/Engine/Plugins/Slate/SlateRemote/SlateRemote.uplugin
LogPluginManager: Loaded Plugin EditorTests, From D:/Unreal Engine/Epic Games/4.14/Engine/Plugins/Tests/EditorTests/EditorTests.uplugin
LogPluginManager: Loaded Plugin FbxAutomationTestBuilder, From D:/Unreal Engine/Epic Games/4.14/Engine/Plugins/Tests/FbxAutomationTestBuilder/FbxAutomationTestBuilder.uplugin
LogPluginManager: Loaded Plugin FunctionalTestingEditor, From D:/Unreal Engine/Epic Games/4.14/Engine/Plugins/Tests/FunctionalTestingEditor/FunctionalTestingEditor.uplugin
LogPluginManager: Loaded Plugin RuntimeTests, From D:/Unreal Engine/Epic Games/4.14/Engine/Plugins/Tests/RuntimeTests/RuntimeTests.uplugin
LogPluginManager: Loaded Plugin ScreenshotTools, From D:/Unreal Engine/Epic Games/4.14/Engine/Plugins/Tests/ScreenshotTools/ScreenshotTools.uplugin
LogInit: Using libcurl 7.47.1
LogInit:  - built for x86_64-pc-win32
LogInit:  - supports SSL with OpenSSL/1.0.2g
LogInit:  - supports HTTP deflate (compression) using libz 1.2.8
LogInit:  - other features:
LogInit:      CURL_VERSION_SSL
LogInit:      CURL_VERSION_LIBZ
LogInit:      CURL_VERSION_IPV6
LogInit:      CURL_VERSION_ASYNCHDNS
LogInit:      CURL_VERSION_LARGEFILE
LogInit:      CURL_VERSION_IDN
LogInit:  CurlRequestOptions (configurable via config and command line):
LogInit:  - bVerifyPeer = false  - Libcurl will NOT verify peer certificate
LogInit:  - bUseHttpProxy = false  - Libcurl will NOT use HTTP proxy
LogInit:  - bDontReuseConnections = false  - Libcurl will reuse connections
LogInit:  - CertBundlePath = nullptr  - Libcurl will use whatever was configured at build time.
LogInit: Build: ++UE4+Release-4.14-CL-3249277
LogInit: Engine Version: 4.14.3-3249277+++UE4+Release-4.14
LogInit: Compatible Engine Version: 4.14.0-3195953+++UE4+Release-4.14
LogInit: Net CL: 3195953
LogDevObjectVersion: Number of dev versions registered: 13
LogDevObjectVersion:   Dev-Blueprints (B0D832E4-1F89-4F0D-ACCF-7EB736FD4AA2): 7
LogDevObjectVersion:   Dev-Build (E1C64328-A22C-4D53-A36C-8E866417BD8C): 0
LogDevObjectVersion:   Dev-Core (375EC13C-06E4-48FB-B500-84F0262A717E): 1
LogDevObjectVersion:   Dev-Editor (E4B068ED-F494-42E9-A231-DA0B2E46BB41): 8
LogDevObjectVersion:   Dev-Framework (CFFC743F-43B0-4480-9391-14DF171D2073): 17
LogDevObjectVersion:   Dev-Mobile (B02B49B5-BB20-44E9-A304-32B752E40360): 0
LogDevObjectVersion:   Dev-Networking (A4E4105C-59A1-49B5-A7C5-40C4547EDFEE): 0
LogDevObjectVersion:   Dev-Online (39C831C9-5AE6-47DC-9A44-9C173E1C8E7C): 0
LogDevObjectVersion:   Dev-Physics (78F01B33-EBEA-4F98-B9B4-84EACCB95AA2): 0
LogDevObjectVersion:   Dev-Platform (6631380F-2D4D-43E0-8009-CF276956A95A): 0
LogDevObjectVersion:   Dev-Rendering (12F88B9F-8875-4AFC-A67C-D90C383ABD29): 12
LogDevObjectVersion:   Dev-Sequencer (7B5AE74C-D270-4C10-A958-57980B212A5A): 1
LogDevObjectVersion:   Dev-VR (D7296918-1DD6-4BDD-9DE2-64A83CC13884): 0
LogInit: Compiled (64-bit): Jan  6 2017 10:49:43
LogInit: Compiled with Visual C++: 19.00.23026.00
LogInit: Build Configuration: Development
LogInit: Branch Name: ++UE4+Release-4.14
LogInit: Command line:  
LogInit: Base directory: D:/Unreal Engine/Epic Games/4.14/Engine/Binaries/Win64/
LogInit: Installed Engine Build: 1
LogInit: Presizing for max 8388607 objects, including 0 objects not considered by GC, pre-allocating 0 bytes for permanent pool.
LogInit: Object subsystem initialized
[2017.05.22-15.41.53:140][  0]LogInit: Selected Device Profile: [Windows]
[2017.05.22-15.41.53:140][  0]LogInit: Applying CVar settings loaded from the selected device profile: [Windows]
[2017.05.22-15.41.53:163][  0]LogInit: Computer: KC-LAPTOP
[2017.05.22-15.41.53:164][  0]LogInit: User: Casey
[2017.05.22-15.41.53:164][  0]LogInit: CPU Page size=65536, Cores=2
[2017.05.22-15.41.53:164][  0]LogInit: High frequency timer resolution =2.338338 MHz
[2017.05.22-15.41.53:164][  0]LogMemory: Memory total: Physical=7.9GB (8GB approx)
[2017.05.22-15.41.53:165][  0]LogMemory: Platform Memory Stats for Windows
[2017.05.22-15.41.53:165][  0]LogMemory: Process Physical Memory: 263.61 MB used, 263.61 MB peak
[2017.05.22-15.41.53:165][  0]LogMemory: Process Virtual Memory: 262.44 MB used, 262.44 MB peak
[2017.05.22-15.41.53:165][  0]LogMemory: Physical Memory: 6089.41 MB used,  2005.00 MB free, 8094.41 MB total
[2017.05.22-15.41.53:165][  0]LogMemory: Virtual Memory: 660.31 MB used,  2005.00 MB free, 134217728.00 MB total
[2017.05.22-15.41.53:374][  0]LogTextLocalizationManager: No specific translations for ('en-US') exist, so ('en') translations will be used.
[2017.05.22-15.41.54:633][  0]LogD3D11RHI: D3D11 adapters:
[2017.05.22-15.41.54:689][  0]LogD3D11RHI:    0. 'NVIDIA GeForce GTX 950M' (Feature Level 11_0)
[2017.05.22-15.41.54:689][  0]LogD3D11RHI:       2018/0/4047 MB DedicatedVideo/DedicatedSystem/SharedSystem, Outputs:1, VendorId:0x10de
[2017.05.22-15.41.54:699][  0]LogD3D11RHI:    1. 'Intel(R) HD Graphics 5500' (Feature Level 11_0)
[2017.05.22-15.41.54:699][  0]LogD3D11RHI:       128/0/4047 MB DedicatedVideo/DedicatedSystem/SharedSystem, Outputs:0, VendorId:0x8086
[2017.05.22-15.41.54:701][  0]LogD3D11RHI:    2. 'Microsoft Basic Render Driver' (Feature Level 11_0)
[2017.05.22-15.41.54:701][  0]LogD3D11RHI:       0/0/4047 MB DedicatedVideo/DedicatedSystem/SharedSystem, Outputs:0, VendorId:0x1414
[2017.05.22-15.41.54:701][  0]LogD3D11RHI: Chosen D3D11 Adapter: 0
[2017.05.22-15.41.54:711][  0]LogD3D11RHI: Creating new Direct3DDevice
[2017.05.22-15.41.54:711][  0]LogD3D11RHI:     GPU DeviceId: 0x139a (for the marketing name, search the web for "GPU Device Id")
[2017.05.22-15.41.54:711][  0]LogWindows: EnumDisplayDevices:
[2017.05.22-15.41.54:712][  0]LogWindows:    0. 'Intel(R) HD Graphics 5500' (P:1 D:1)
[2017.05.22-15.41.54:712][  0]LogWindows:    1. 'Intel(R) HD Graphics 5500' (P:0 D:0)
[2017.05.22-15.41.54:712][  0]LogWindows:    2. 'Intel(R) HD Graphics 5500' (P:0 D:0)
[2017.05.22-15.41.54:712][  0]LogWindows: DebugString: PrimaryIsNotTheChoosenAdapter PrimaryIsNotTheChoosenAdapter PrimaryIsNotTheChoosenAdapter FoundDriverCount:0 
[2017.05.22-15.41.54:712][  0]LogD3D11RHI:     Adapter Name: NVIDIA GeForce GTX 950M
[2017.05.22-15.41.54:712][  0]LogD3D11RHI:   Driver Version: Unknown (internal:Unknown, unified:Unknown)
[2017.05.22-15.41.54:712][  0]LogD3D11RHI:      Driver Date: Unknown
[2017.05.22-15.41.54:712][  0]LogRHI: Texture pool is 1361 MB (70% of 1945 MB)
[2017.05.22-15.41.54:732][  0]LogD3D11RHI: Async texture creation enabled
[2017.05.22-15.41.54:784][  0]LogD3D11RHI: GPU Timing Frequency: 1000.000000 (Debug: 2 2)
[2017.05.22-15.41.54:793][  0]LogShaderCompilers: Guid format shader working directory is -7 characters bigger than the processId version (C:/Users/Casey/Documents/Unreal Projects/GameProject/Intermediate/Shaders/WorkingDirectory/15232/).
[2017.05.22-15.41.54:793][  0]LogShaderCompilers: Cleaned the shader compiler working directory 'C:/Users/Casey/AppData/Local/Temp/UnrealShaderWorkingDir/1786BA284A64F073CC9CF9B35D8F7311/'.
[2017.05.22-15.41.54:794][  0]LogShaderCompilers:Display: Using Local Shader Compiler.
[2017.05.22-15.41.56:848][  0]LogTemp:Display: Loaded TP AllDesktopTargetPlatform
[2017.05.22-15.41.56:922][  0]LogTemp:Display: Loaded TP MacClientTargetPlatform
[2017.05.22-15.41.56:993][  0]LogTemp:Display: Loaded TP MacNoEditorTargetPlatform
[2017.05.22-15.41.57:067][  0]LogTemp:Display: Loaded TP MacServerTargetPlatform
[2017.05.22-15.41.57:140][  0]LogTemp:Display: Loaded TP MacTargetPlatform
[2017.05.22-15.41.57:208][  0]LogTemp:Display: Loaded TP WindowsClientTargetPlatform
[2017.05.22-15.41.57:277][  0]LogTemp:Display: Loaded TP WindowsNoEditorTargetPlatform
[2017.05.22-15.41.57:346][  0]LogTemp:Display: Loaded TP WindowsServerTargetPlatform
[2017.05.22-15.41.57:404][  0]LogTemp:Display: Loaded TP WindowsTargetPlatform
[2017.05.22-15.41.57:480][  0]LogTemp:Display: Loaded TP AndroidTargetPlatform
[2017.05.22-15.41.57:556][  0]LogTemp:Display: Loaded TP Android_ASTCTargetPlatform
[2017.05.22-15.41.57:629][  0]LogTemp:Display: Loaded TP Android_ATCTargetPlatform
[2017.05.22-15.41.57:707][  0]LogTemp:Display: Loaded TP Android_DXTTargetPlatform
[2017.05.22-15.41.57:785][  0]LogTemp:Display: Loaded TP Android_ETC1TargetPlatform
[2017.05.22-15.41.57:855][  0]LogTemp:Display: Loaded TP Android_ETC2TargetPlatform
[2017.05.22-15.41.57:994][  0]LogTemp:Display: Loaded TP Android_MultiTargetPlatform
[2017.05.22-15.41.57:994][  0]LogTemp:Display: Loaded TP Android_PVRTCTargetPlatform
[2017.05.22-15.41.58:043][  0]LogTemp:Display: Loaded TP HTML5TargetPlatform
[2017.05.22-15.41.58:158][  0]LogTemp:Display: Loaded TP IOSTargetPlatform
[2017.05.22-15.41.58:194][  0]LogTemp:Display: Loaded TP TVOSTargetPlatform
[2017.05.22-15.41.58:258][  0]LogTemp:Display: Loaded TP LinuxClientTargetPlatform
[2017.05.22-15.41.58:325][  0]LogTemp:Display: Loaded TP LinuxNoEditorTargetPlatform
[2017.05.22-15.41.58:396][  0]LogTemp:Display: Loaded TP LinuxServerTargetPlatform
[2017.05.22-15.41.58:472][  0]LogTemp:Display: Loaded TP LinuxTargetPlatform
[2017.05.22-15.41.58:472][  0]LogTargetPlatformManager:Display: Building Assets For Windows
[2017.05.22-15.41.59:060][  0]LogDerivedDataCache:Display: Max Cache Size: 512 MB
[2017.05.22-15.41.59:289][  0]LogDerivedDataCache: Loaded boot cache 0.23s 50MB C:/Users/Casey/AppData/Local/UnrealEngine/4.14/DerivedDataCache/Boot.ddc.
[2017.05.22-15.41.59:289][  0]LogDerivedDataCache:Display: Loaded Boot cache: C:/Users/Casey/AppData/Local/UnrealEngine/4.14/DerivedDataCache/Boot.ddc
[2017.05.22-15.41.59:289][  0]LogDerivedDataCache: FDerivedDataBackendGraph:  Pak pak cache file C:/Users/Casey/Documents/Unreal Projects/GameProject/DerivedDataCache/DDC.ddp not found, will not use a pak cache.
[2017.05.22-15.41.59:289][  0]LogDerivedDataCache: Unable to find inner node Pak for hierarchical cache Hierarchy.
[2017.05.22-15.41.59:289][  0]LogDerivedDataCache: FDerivedDataBackendGraph:  CompressedPak pak cache file C:/Users/Casey/Documents/Unreal Projects/GameProject/DerivedDataCache/Compressed.ddp not found, will not use a pak cache.
[2017.05.22-15.41.59:289][  0]LogDerivedDataCache: Unable to find inner node CompressedPak for hierarchical cache Hierarchy.
[2017.05.22-15.41.59:313][  0]LogDerivedDataCache:Display: Pak cache opened for reading ../../../Engine/DerivedDataCache/Compressed.ddp.
[2017.05.22-15.41.59:330][  0]LogDerivedDataCache: Using Local data cache path C:/Users/Casey/AppData/Local/UnrealEngine/Common/DerivedDataCache: Writable
[2017.05.22-15.42.00:292][  0]LogInit: Selected Device Profile: [Windows]
[2017.05.22-15.42.00:307][  0]LogContentStreaming: Texture pool size is 0.00 MB
[2017.05.22-15.42.00:640][  0]LogMeshUtilities: Using QuadricMeshReduction for automatic static mesh reduction
[2017.05.22-15.42.00:708][  0]LogSimplygon: Simplygon DLL not present - disabling.
[2017.05.22-15.42.00:785][  0]LogMeshUtilities: Using SimplygonSwarm for distributed automatic mesh merging
[2017.05.22-15.42.00:785][  0]LogMeshUtilities: No automatic skeletal mesh reduction module available
[2017.05.22-15.42.00:785][  0]LogMeshUtilities: No automatic mesh merging module available
[2017.05.22-15.42.01:958][  0]LogNetVersion: GetLocalNetworkVersion: CL: 3195953, ProjectName: gameproject, ProjectVersion: , EngineNetworkVersion: 2, GameNetworkVersion: 0, NetworkChecksum: 3234967814
[2017.05.22-15.42.02:038][  0]LogAssetRegistry: FAssetRegistry took 0.0248 seconds to start up
[2017.05.22-15.42.02:150][  0]LogPackageLocalizationCache: Processed 3 localized package path(s) for 2 prioritized culture(s) in 0.078776 seconds
[2017.05.22-15.42.02:166][  0]LogUObjectArray: 31946 objects as part of root set at end of initial load.
[2017.05.22-15.42.02:166][  0]LogUObjectAllocator: 6935848 out of 0 bytes used by permanent object pool.
[2017.05.22-15.42.02:166][  0]LogUObjectArray: CloseDisregardForGC: 0/0 objects in disregard for GC pool
[2017.05.22-15.42.02:247][  0]LogInit: WinSock: version 1.1 (2.2), MaxSocks=32767, MaxUdp=65467
[2017.05.22-15.42.03:677][  0]LogSlate: Using Freetype 2.6.0
[2017.05.22-15.42.03:683][  0]LogSlate: SlateFontCache - WITH_FREETYPE: 1, WITH_HARFBUZZ: 1
[2017.05.22-15.42.03:683][  0]LogSlate: SlateFontCache - WITH_FREETYPE: 1, WITH_HARFBUZZ: 1
[2017.05.22-15.42.06:146][  0]LogTcpMessaging: Initializing TcpMessaging bridge
[2017.05.22-15.42.06:205][  0]LogUdpMessaging: Initializing bridge on interface 0.0.0.0:0 to multicast group 230.0.0.1:6666.
[2017.05.22-15.42.06:731][  0]LogMaterial: Uniform references updated for custom material expression Custom.
[2017.05.22-15.42.07:325][  0]SourceControl: Info Source control is disabled
[2017.05.22-15.42.07:331][  0]SourceControl: Info Source control is disabled
[2017.05.22-15.42.07:413][  0]SourceControl: Info Source control is disabled
[2017.05.22-15.42.07:485][  0]SourceControl: Info Source control is disabled
[2017.05.22-15.42.09:541][  0]LogEngine: Initializing Engine...
[2017.05.22-15.42.09:544][  0]LogHMD: Failed to initialize OpenVR with code 110
[2017.05.22-15.42.09:910][  0]LogAIModule: Creating AISystem for world Untitled
[2017.05.22-15.42.09:941][  0]LogInit: XAudio2 using 'Speakers (Realtek High Definition Audio)' : 2 channels at 48 kHz using 32 bits per sample (channel mask 0x3)
[2017.05.22-15.42.09:972][  0]LogInit: FAudioDevice initialized.
[2017.05.22-15.42.10:011][  0]LogDerivedDataCache: Saved boot cache 0.04s 50MB C:/Users/Casey/AppData/Local/UnrealEngine/4.14/DerivedDataCache/Boot.ddc.
[2017.05.22-15.42.10:018][  0]LogInit: Texture streaming: Enabled
[2017.05.22-15.42.10:278][  0]LogInit: Transaction tracking system initialized
[2017.05.22-15.42.10:797][  0]BlueprintLog: New page: Editor Load
[2017.05.22-15.42.12:178][  0]LocalizationService: Info Localization service is disabled
[2017.05.22-15.42.13:478][  0]LogConsoleResponse:Display: 
[2017.05.22-15.42.13:746][  0]LogCook:Display: Max memory allowance for cook 16384mb min free memory 0mb
[2017.05.22-15.42.13:747][  0]LogCook:Display: Mobile HDR setting 1
[2017.05.22-15.42.14:191][  0]LogFileCache: Scanning file cache for directory 'C:/Users/Casey/Documents/Unreal Projects/GameProject/Content/' took 0.03s
[2017.05.22-15.42.15:342][  0]SourceControl: Info Source control is disabled
[2017.05.22-15.42.15:347][  0]Cmd: MAP LOAD FILE="C:/Users/Casey/Documents/Unreal Projects/GameProject/Content/2DSideScrollerBP/Maps/2DSideScrollerExampleMap.umap" TEMPLATE=0 SHOWPROGRESS=1 FEATURELEVEL=3
[2017.05.22-15.42.15:350][  0]LightingResults: New page: Lighting Build
[2017.05.22-15.42.15:426][  0]MapCheck: New page: Map Check
[2017.05.22-15.42.15:426][  0]LightingResults: New page: Lighting Build
[2017.05.22-15.42.15:782][  0]LogAIModule: Creating AISystem for world 2DSideScrollerExampleMap
[2017.05.22-15.42.15:837][  0]LogEditorServer: Finished looking for orphan Actors (0.000 secs)
[2017.05.22-15.42.15:842][  0]Cmd: MAP CHECKDEP NOCLEARLOG
[2017.05.22-15.42.15:940][  0]MapCheck: Info Map check complete: 0 Error(s), 0 Warning(s), took 97.624ms to complete.
[2017.05.22-15.42.15:940][  0]LogFileHelpers: Loading map '2DSideScrollerExampleMap' took 0.596
[2017.05.22-15.42.16:068][  0]LogWindowsTextInputMethodSystem:Display: IME system now deactivated.
[2017.05.22-15.42.16:328][  0]LogCollectionManager: Loaded 1 collections in 0.004291 seconds
[2017.05.22-15.42.17:143][  0]LogFileCache: Scanning file cache for directory 'C:/Users/Casey/Documents/Unreal Projects/GameProject/Saved/Collections/' took 0.01s
[2017.05.22-15.42.17:143][  0]LogFileCache: Scanning file cache for directory 'C:/Users/Casey/Documents/Unreal Projects/GameProject/Content/Developers/Casey/Collections/' took 0.01s
[2017.05.22-15.42.17:143][  0]LogFileCache: Scanning file cache for directory 'C:/Users/Casey/Documents/Unreal Projects/GameProject/Content/Collections/' took 0.01s
[2017.05.22-15.42.17:143][  0]LogCollectionManager: Rebuilt the GUID cache for 1 collections in 0.003894 seconds
[2017.05.22-15.42.17:144][  0]LogCollectionManager: Rebuilt the hierarchy cache for 1 collections in 0.000001 seconds
[2017.05.22-15.42.17:408][  0]LogContentBrowser: Native class hierarchy populated in 0.2171 seconds. Added 2190 classes and 428 folders.
[2017.05.22-15.42.17:676][  0]LogStats: UGameplayTagsManager::ConstructGameplayTagTree: Construct from data asset -  0.000 s
[2017.05.22-15.42.17:681][  0]LogStats: UGameplayTagsManager::ConstructGameplayTagTree: GameplayTagTreeChangedEvent.Broadcast -  0.005 s
[2017.05.22-15.42.17:689][  0]LogContentBrowser: Native class hierarchy updated for 'GameplayTags' in 0.0012 seconds. Added 13 classes and 0 folders.
[2017.05.22-15.42.17:841][  0]LogContentBrowser: Native class hierarchy updated for 'WidgetCarousel' in 0.0010 seconds. Added 0 classes and 0 folders.
[2017.05.22-15.42.18:185][  0]LogContentBrowser: Native class hierarchy updated for 'AddContentDialog' in 0.0007 seconds. Added 0 classes and 0 folders.
[2017.05.22-15.42.18:257][  0]LogContentBrowser: Native class hierarchy updated for 'SceneOutliner' in 0.0010 seconds. Added 1 classes and 2 folders.
[2017.05.22-15.42.18:578][  0]LogCrashTracker: Crashtracker disabled due to settings.
[2017.05.22-15.42.18:628][  0]LogUObjectGlobals:Warning: Failed to find object 'Class None.'
[2017.05.22-15.42.18:746][  0]LogContentBrowser: Native class hierarchy updated for 'HierarchicalLODOutliner' in 0.0007 seconds. Added 1 classes and 2 folders.
[2017.05.22-15.42.18:746][  0]LogLoad: (Engine Initialization) Total time: 28.16 seconds
[2017.05.22-15.42.18:746][  0]LogLoad: (Engine Initialization) Total Blueprint compile time: 0.19 seconds
[2017.05.22-15.42.18:747][  0]LogExternalProfiler: No external profilers were discovered.  External profiling features will not be available.
[2017.05.22-15.42.18:770][  0]LogOcInput: OculusInput pre-init called
[2017.05.22-15.42.18:813][  0]LogContentStreaming: Texture pool size now 1000 MB
[2017.05.22-15.42.19:027][  0]LogRenderer: Reallocating scene render targets to support 776x384 NumSamples 1 (Frame:2).
[2017.05.22-15.42.19:331][  2]LogAssetRegistry: Asset discovery search completed in 17.3145 seconds
[2017.05.22-15.42.19:331][  2]LogCollectionManager: Rebuilt the object cache for 1 collections in 0.000349 seconds (found 0 objects)
[2017.05.22-15.42.19:331][  2]LogCollectionManager: Fixed up redirectors for 1 collections in 0.000370 seconds (updated 0 objects)
[2017.05.22-15.43.29:616][378]LogDirectoryWatcher: A directory notification failed for 'C:/Users/Casey/Documents/Unreal Projects/GameProject/Content/Collections/' because it could not be accessed. Aborting watch request...
[2017.05.22-15.43.29:616][378]LogDirectoryWatcher: A directory notification failed for 'C:/Users/Casey/Documents/Unreal Projects/GameProject/Content/Developers/Casey/Collections/' because it could not be accessed. Aborting watch request...
[2017.05.22-15.43.38:636][405]LogDirectoryWatcher: A directory notification failed for 'C:/Users/Casey/Documents/Unreal Projects/GameProject/Saved/Collections/', and we were unable to create a new request.
[2017.05.22-15.44.42:251][707]LogWindowsTextInputMethodSystem:Display: IME system now deactivated.
[2017.05.22-15.44.42:882][708]Cmd: QUIT_EDITOR
[2017.05.22-15.44.43:197][708]LogExit: Preparing to exit.
[2017.05.22-15.44.45:691][708]LogExit: Editor shut down
[2017.05.22-15.44.45:692][708]LogExit: Transaction tracking system shut down
[2017.05.22-15.44.46:910][708]LogObj: Freed 0b from 0 cluster array pools.
[2017.05.22-15.44.46:911][708]LogExit: Object subsystem successfully closed.
[2017.05.22-15.44.46:945][708]LogD3D11RHI: Shutdown
[2017.05.22-15.44.46:945][708]LogD3D11RHI: CleanupD3DDevice
[2017.05.22-15.44.47:118][708]LogD3D11RHI: ~FD3D11DynamicRHI
[2017.05.22-15.44.47:200][708]LogHttp:Display: Http module shutting down, but needs to wait on 1 outstanding Http requests:
[2017.05.22-15.44.47:201][708]LogHttp:Display: 	verb=[POST] url=[https://datarouter.ol.epicgames.com/datarouter/api/v1/public/data?SessionID=%7BE5608815-435E-255C-B6E2-108924AAE2A9%7D&AppID=UEEditor.Rocket.Release&AppVersion=4.14.3-3249277%2B%2B%2BUE4%2BRelease-4.14&UserID=ca45789643026bbbc46fe3b60e5fa535%7Cf32d81ba14094effb5b5e6ff0fe70ed8%7C427a5bd4-06b6-4453-8dec-666f6967d3d0&AppEnvironment=datacollector-binary&UploadType=eteventstream] status=Processing
[2017.05.22-15.44.47:218][708]LogModuleManager: Shutting down and abandoning module HierarchicalLODOutliner (241)
[2017.05.22-15.44.47:218][708]LogModuleManager: Shutting down and abandoning module CrashTracker (240)
[2017.05.22-15.44.47:218][708]LogModuleManager: Shutting down and abandoning module SceneOutliner (239)
[2017.05.22-15.44.47:219][708]LogModuleManager: Shutting down and abandoning module WidgetCarousel (238)
[2017.05.22-15.44.47:219][708]LogModuleManager: Shutting down and abandoning module AddContentDialog (237)
[2017.05.22-15.44.47:222][708]LogDirectoryWatcher: A directory notification for 'D:/Unreal Engine/Epic Games/4.14/FeaturePacks/' was aborted.
[2017.05.22-15.44.47:223][708]LogModuleManager: Shutting down and abandoning module GameplayTags (236)
[2017.05.22-15.44.47:223][708]LogModuleManager: Shutting down and abandoning module EditorWidgets (235)
[2017.05.22-15.44.47:223][708]LogModuleManager: Shutting down and abandoning module CollectionManager (234)
[2017.05.22-15.44.47:224][708]LogModuleManager: Shutting down and abandoning module StatsViewer (233)
[2017.05.22-15.44.47:226][708]LogModuleManager: Shutting down and abandoning module FoliageEdit (232)
[2017.05.22-15.44.47:227][708]LogModuleManager: Shutting down and abandoning module LandscapeEditor (231)
[2017.05.22-15.44.47:236][708]LogModuleManager: Shutting down and abandoning module SceneDepthPickerMode (230)
[2017.05.22-15.44.47:236][708]LogModuleManager: Shutting down and abandoning module ActorPickerMode (229)
[2017.05.22-15.44.47:236][708]LogModuleManager: Shutting down and abandoning module GeometryMode (228)
[2017.05.22-15.44.47:236][708]LogModuleManager: Shutting down and abandoning module TextureAlignMode (227)
[2017.05.22-15.44.47:236][708]LogModuleManager: Shutting down and abandoning module BspMode (226)
[2017.05.22-15.44.47:240][708]LogModuleManager: Shutting down and abandoning module HardwareSurvey (225)
[2017.05.22-15.44.47:241][708]LogModuleManager: Shutting down and abandoning module SequenceRecorderSections (224)
[2017.05.22-15.44.47:244][708]LogModuleManager: Shutting down and abandoning module AutomationWorker (223)
[2017.05.22-15.44.47:247][708]LogModuleManager: Shutting down and abandoning module MatineeToLevelSequence (222)
[2017.05.22-15.44.47:250][708]LogModuleManager: Shutting down and abandoning module PlacementMode (221)
[2017.05.22-15.44.47:251][708]LogModuleManager: Shutting down and abandoning module LevelSequenceEditor (220)
[2017.05.22-15.44.47:254][708]LogModuleManager: Shutting down and abandoning module WmfMediaFactory (219)
[2017.05.22-15.44.47:254][708]LogModuleManager: Shutting down and abandoning module WmfMediaEditor (218)
[2017.05.22-15.44.47:254][708]LogModuleManager: Shutting down and abandoning module AvfMediaFactory (217)
[2017.05.22-15.44.47:254][708]LogModuleManager: Shutting down and abandoning module AvfMediaEditor (216)
[2017.05.22-15.44.47:255][708]LogModuleManager: Shutting down and abandoning module Media (215)
[2017.05.22-15.44.47:255][708]LogModuleManager: Shutting down and abandoning module AndroidMediaFactory (214)
[2017.05.22-15.44.47:255][708]LogModuleManager: Shutting down and abandoning module AndroidMediaEditor (213)
[2017.05.22-15.44.47:255][708]LogModuleManager: Shutting down and abandoning module CharacterAI (212)
[2017.05.22-15.44.47:255][708]LogModuleManager: Shutting down and abandoning module SequenceRecorder (211)
[2017.05.22-15.44.47:258][708]LogModuleManager: Shutting down and abandoning module AudioCapture (210)
[2017.05.22-15.44.47:258][708]LogModuleManager: Shutting down and abandoning module SmartSnapping (209)
[2017.05.22-15.44.47:258][708]LogModuleManager: Shutting down and abandoning module SessionServices (208)
[2017.05.22-15.44.47:258][708]LogModuleManager: Shutting down and abandoning module ViewportSnapping (207)
[2017.05.22-15.44.47:258][708]LogModuleManager: Shutting down and abandoning module ViewportInteraction (206)
[2017.05.22-15.44.47:258][708]LogModuleManager: Shutting down and abandoning module LogVisualizer (205)
[2017.05.22-15.44.47:260][708]LogModuleManager: Shutting down and abandoning module GameProjectGeneration (204)
[2017.05.22-15.44.47:263][708]LogModuleManager: Shutting down and abandoning module IntroTutorials (203)
[2017.05.22-15.44.47:264][708]LogModuleManager: Shutting down and abandoning module EditorLiveStreaming (202)
[2017.05.22-15.44.47:264][708]LogModuleManager: Shutting down and abandoning module IOSPlatformEditor (201)
[2017.05.22-15.44.47:265][708]LogModuleManager: Shutting down and abandoning module HTML5PlatformEditor (200)
[2017.05.22-15.44.47:265][708]LogModuleManager: Shutting down and abandoning module AndroidDeviceDetection (199)
[2017.05.22-15.44.47:942][708]LogModuleManager: Shutting down and abandoning module AndroidPlatformEditor (198)
[2017.05.22-15.44.47:943][708]LogModuleManager: Shutting down and abandoning module IOSRuntimeSettings (197)
[2017.05.22-15.44.47:943][708]LogModuleManager: Shutting down and abandoning module AndroidRuntimeSettings (196)
[2017.05.22-15.44.47:943][708]LogModuleManager: Shutting down and abandoning module InputBindingEditor (195)
[2017.05.22-15.44.47:948][708]LogModuleManager: Shutting down and abandoning module NiagaraEditor (194)
[2017.05.22-15.44.47:958][708]LogModuleManager: Shutting down and abandoning module MergeActors (193)
[2017.05.22-15.44.47:960][708]LogModuleManager: Shutting down and abandoning module SizeMap (192)
[2017.05.22-15.44.47:960][708]LogModuleManager: Shutting down and abandoning module TreeMap (191)
[2017.05.22-15.44.47:961][708]LogModuleManager: Shutting down and abandoning module ReferenceViewer (190)
[2017.05.22-15.44.47:961][708]LogModuleManager: Shutting down and abandoning module LocalizationService (189)
[2017.05.22-15.44.47:962][708]LogModuleManager: Shutting down and abandoning module LocalizationDashboard (188)
[2017.05.22-15.44.47:963][708]LogModuleManager: Shutting down and abandoning module HardwareTargeting (187)
[2017.05.22-15.44.47:963][708]LogModuleManager: Shutting down and abandoning module DeviceProfileEditor (186)
[2017.05.22-15.44.47:964][708]LogModuleManager: Shutting down and abandoning module UndoHistory (185)
[2017.05.22-15.44.47:965][708]LogModuleManager: Shutting down and abandoning module UserFeedback (184)
[2017.05.22-15.44.47:965][708]LogModuleManager: Shutting down and abandoning module XmlParser (183)
[2017.05.22-15.44.47:965][708]LogModuleManager: Shutting down and abandoning module Blutility (182)
[2017.05.22-15.44.47:965][708]LogModuleManager: Shutting down and abandoning module ProjectTargetPlatformEditor (181)
[2017.05.22-15.44.47:965][708]LogModuleManager: Shutting down and abandoning module ProjectSettingsViewer (180)
[2017.05.22-15.44.47:965][708]LogModuleManager: Shutting down and abandoning module EditorSettingsViewer (179)
[2017.05.22-15.44.47:965][708]LogModuleManager: Shutting down and abandoning module SettingsEditor (178)
[2017.05.22-15.44.47:968][708]LogModuleManager: Shutting down and abandoning module ProjectLauncher (177)
[2017.05.22-15.44.47:970][708]LogModuleManager: Shutting down and abandoning module SessionFrontend (176)
[2017.05.22-15.44.47:971][708]LogModuleManager: Shutting down and abandoning module ProfilerClient (175)
[2017.05.22-15.44.47:972][708]LogModuleManager: Shutting down and abandoning module TargetDeviceServices (174)
[2017.05.22-15.44.47:972][708]LogModuleManager: Shutting down and abandoning module DeviceManager (173)
[2017.05.22-15.44.48:018][708]LogModuleManager: Shutting down and abandoning module AutomationController (172)
[2017.05.22-15.44.48:020][708]LogModuleManager: Shutting down and abandoning module AutomationWindow (171)
[2017.05.22-15.44.48:021][708]LogModuleManager: Shutting down and abandoning module Layers (170)
[2017.05.22-15.44.48:023][708]LogModuleManager: Shutting down and abandoning module ComponentVisualizers (169)
[2017.05.22-15.44.48:023][708]LogModuleManager: Shutting down and abandoning module DetailCustomizations (168)
[2017.05.22-15.44.48:024][708]LogModuleManager: Shutting down and abandoning module PackagesDialog (167)
[2017.05.22-15.44.48:025][708]LogModuleManager: Shutting down and abandoning module AnimGraph (166)
[2017.05.22-15.44.48:025][708]LogModuleManager: Shutting down and abandoning module Persona (165)
[2017.05.22-15.44.48:026][708]LogModuleManager: Shutting down and abandoning module Kismet (164)
[2017.05.22-15.44.48:031][708]LogModuleManager: Shutting down and abandoning module GraphEditor (163)
[2017.05.22-15.44.48:034][708]LogModuleManager: Shutting down and abandoning module ClassViewer (162)
[2017.05.22-15.44.48:036][708]LogModuleManager: Shutting down and abandoning module Toolbox (161)
[2017.05.22-15.44.48:036][708]LogModuleManager: Shutting down and abandoning module ModuleUI (160)
[2017.05.22-15.44.48:037][708]LogModuleManager: Shutting down and abandoning module MovieSceneTools (159)
[2017.05.22-15.44.48:038][708]LogModuleManager: Shutting down and abandoning module OutputLog (158)
[2017.05.22-15.44.48:039][708]LogModuleManager: Shutting down and abandoning module GammaUI (157)
[2017.05.22-15.44.48:044][708]LogModuleManager: Shutting down and abandoning module Documentation (156)
[2017.05.22-15.44.48:044][708]LogModuleManager: Shutting down and abandoning module Niagara (155)
[2017.05.22-15.44.48:044][708]LogModuleManager: Shutting down and abandoning module StreamingPauseRendering (154)
[2017.05.22-15.44.48:044][708]LogModuleManager: Shutting down and abandoning module AnalyticsET (153)
[2017.05.22-15.44.48:044][708]LogModuleManager: Shutting down and abandoning module PortalServices (152)
[2017.05.22-15.44.48:044][708]LogModuleManager: Shutting down and abandoning module PortalRpc (151)
[2017.05.22-15.44.48:044][708]LogModuleManager: Shutting down and abandoning module MessagingRpc (150)
[2017.05.22-15.44.48:044][708]LogModuleManager: Shutting down and abandoning module GameplayDebugger (149)
[2017.05.22-15.44.48:045][708]LogModuleManager: Shutting down and abandoning module AITestSuite (148)
[2017.05.22-15.44.48:046][708]LogModuleManager: Shutting down and abandoning module AIModule (147)
[2017.05.22-15.44.48:046][708]LogModuleManager: Shutting down and abandoning module ProfilerService (146)
[2017.05.22-15.44.48:145][708]LogModuleManager: Shutting down and abandoning module TaskGraph (145)
[2017.05.22-15.44.48:147][708]LogModuleManager: Shutting down and abandoning module SlateRemote (144)
[2017.05.22-15.44.48:147][708]LogModuleManager: Shutting down and abandoning module SteamVRController (143)
[2017.05.22-15.44.48:147][708]LogModuleManager: Shutting down and abandoning module SteamVR (142)
[2017.05.22-15.44.48:147][708]LogModuleManager: Shutting down and abandoning module ProceduralMeshComponentEditor (141)
[2017.05.22-15.44.48:148][708]LogModuleManager: Shutting down and abandoning module ProceduralMeshComponent (140)
[2017.05.22-15.44.48:149][708]LogModuleManager: Shutting down and abandoning module OculusLibrary (139)
[2017.05.22-15.44.48:149][708]LogModuleManager: Shutting down and abandoning module OculusInput (138)
[2017.05.22-15.44.48:149][708]LogModuleManager: Shutting down and abandoning module MobilePatchingUtils (137)
[2017.05.22-15.44.48:149][708]LogModuleManager: Shutting down and abandoning module CustomMeshComponent (136)
[2017.05.22-15.44.48:149][708]LogModuleManager: Shutting down and abandoning module CableComponent (135)
[2017.05.22-15.44.48:149][708]LogModuleManager: Shutting down and abandoning module ArchVisCharacter (134)
[2017.05.22-15.44.48:149][708]LogModuleManager: Shutting down and abandoning module MediaPlayerEditor (132)
[2017.05.22-15.44.48:153][708]LogModuleManager: Shutting down and abandoning module HTML5Networking (131)
[2017.05.22-15.44.48:153][708]LogModuleManager: Shutting down and abandoning module GeometryCacheEd (130)
[2017.05.22-15.44.48:153][708]LogModuleManager: Shutting down and abandoning module GeometryCache (129)
[2017.05.22-15.44.48:153][708]LogModuleManager: Shutting down and abandoning module AlembicLibrary (128)
[2017.05.22-15.44.48:153][708]LogModuleManager: Shutting down and abandoning module AlembicImporter (127)
[2017.05.22-15.44.48:155][708]LogModuleManager: Shutting down and abandoning module SuperSearch (126)
[2017.05.22-15.44.48:155][708]LogModuleManager: Shutting down and abandoning module SuperSearchEditor (125)
[2017.05.22-15.44.48:155][708]LogModuleManager: Shutting down and abandoning module SpeedTreeImporter (124)
[2017.05.22-15.44.48:155][708]LogModuleManager: Shutting down and abandoning module PluginBrowser (123)
[2017.05.22-15.44.48:157][708]LogModuleManager: Shutting down and abandoning module MobileLauncherProfileWizard (122)
[2017.05.22-15.44.48:158][708]LogModuleManager: Shutting down and abandoning module EpicSurvey (121)
[2017.05.22-15.44.48:158][708]LogModuleManager: Shutting down and abandoning module DesktopPlatform (120)
[2017.05.22-15.44.48:158][708]LogModuleManager: Shutting down and abandoning module VisualStudioSourceCodeAccess (119)
[2017.05.22-15.44.48:158][708]LogModuleManager: Shutting down and abandoning module UObjectPlugin (118)
[2017.05.22-15.44.48:158][708]LogModuleManager: Shutting down and abandoning module SubversionSourceControl (117)
[2017.05.22-15.44.48:160][708]LogModuleManager: Shutting down and abandoning module PerforceSourceControl (116)
[2017.05.22-15.44.48:161][708]LogModuleManager: Shutting down and abandoning module SourceControl (115)
[2017.05.22-15.44.48:167][708]LogModuleManager: Shutting down and abandoning module GitSourceControl (114)
[2017.05.22-15.44.48:167][708]LogModuleManager: Shutting down and abandoning module LightPropagationVolumeEditor (113)
[2017.05.22-15.44.48:168][708]LogModuleManager: Shutting down and abandoning module PaperTiledImporter (112)
[2017.05.22-15.44.48:168][708]LogModuleManager: Shutting down and abandoning module PaperSpriteSheetImporter (111)
[2017.05.22-15.44.48:168][708]LogModuleManager: Shutting down and abandoning module MeshPaint (110)
[2017.05.22-15.44.48:168][708]LogModuleManager: Shutting down and abandoning module PixelInspectorModule (109)
[2017.05.22-15.44.48:170][708]LogModuleManager: Shutting down and abandoning module HotReload (108)
[2017.05.22-15.44.48:171][708]LogModuleManager: Shutting down and abandoning module MainFrame (107)
[2017.05.22-15.44.48:171][708]LogModuleManager: Shutting down and abandoning module LevelEditor (106)
[2017.05.22-15.44.48:175][708]LogModuleManager: Shutting down and abandoning module ContentBrowser (105)
[2017.05.22-15.44.48:175][708]LogModuleManager: Shutting down and abandoning module Paper2DEditor (104)
[2017.05.22-15.44.48:178][708]LogModuleManager: Shutting down and abandoning module UdpMessaging (103)
[2017.05.22-15.44.48:278][708]LogModuleManager: Shutting down and abandoning module TcpMessaging (102)
[2017.05.22-15.44.48:380][708]LogModuleManager: Shutting down and abandoning module LightPropagationVolumeRuntime (101)
[2017.05.22-15.44.48:380][708]LogModuleManager: Shutting down and abandoning module Paper2D (100)
[2017.05.22-15.44.48:380][708]LogModuleManager: Shutting down and abandoning module WindowsMoviePlayer (99)
[2017.05.22-15.44.48:380][708]LogModuleManager: Shutting down and abandoning module WmfMedia (98)
[2017.05.22-15.44.48:381][708]LogModuleManager: Shutting down and abandoning module MediaAssets (97)
[2017.05.22-15.44.48:381][708]LogModuleManager: Shutting down and abandoning module GameLiveStreaming (96)
[2017.05.22-15.44.48:382][708]LogModuleManager: Shutting down and abandoning module GameplayTagsEditor (95)
[2017.05.22-15.44.48:382][708]LogModuleManager: Shutting down and abandoning module VREditor (94)
[2017.05.22-15.44.48:382][708]LogModuleManager: Shutting down and abandoning module GameplayTasksEditor (93)
[2017.05.22-15.44.48:382][708]LogModuleManager: Shutting down and abandoning module BehaviorTreeEditor (92)
[2017.05.22-15.44.48:384][708]LogModuleManager: Shutting down and abandoning module FunctionalTesting (91)
[2017.05.22-15.44.48:384][708]LogModuleManager: Shutting down and abandoning module CollisionAnalyzer (90)
[2017.05.22-15.44.48:386][708]LogModuleManager: Shutting down and abandoning module Sequencer (89)
[2017.05.22-15.44.48:388][708]LogModuleManager: Shutting down and abandoning module WorkspaceMenuStructure (88)
[2017.05.22-15.44.48:388][708]LogModuleManager: Shutting down and abandoning module MessageLog (87)
[2017.05.22-15.44.48:389][708]LogModuleManager: Shutting down and abandoning module AssetTools (86)
[2017.05.22-15.44.48:394][708]LogModuleManager: Shutting down and abandoning module UMGEditor (85)
[2017.05.22-15.44.48:396][708]LogModuleManager: Shutting down and abandoning module UMG (84)
[2017.05.22-15.44.48:397][708]LogModuleManager: Shutting down and abandoning module SlateReflector (83)
[2017.05.22-15.44.48:408][708]LogModuleManager: Shutting down and abandoning module Slate (82)
[2017.05.22-15.44.48:408][708]LogModuleManager: Shutting down and abandoning module EditorStyle (81)
[2017.05.22-15.44.48:411][708]LogModuleManager: Shutting down and abandoning module SourceCodeAccess (80)
[2017.05.22-15.44.48:411][708]LogModuleManager: Shutting down and abandoning module HeadMountedDisplay (79)
[2017.05.22-15.44.48:411][708]LogModuleManager: Shutting down and abandoning module XAudio2 (78)
[2017.05.22-15.44.48:411][708]LogModuleManager: Shutting down and abandoning module Networking (76)
[2017.05.22-15.44.48:411][708]LogModuleManager: Shutting down and abandoning module Core (75)
[2017.05.22-15.44.48:411][708]LogModuleManager: Shutting down and abandoning module DirectoryWatcher (74)
[2017.05.22-15.44.48:411][708]LogDirectoryWatcher: A directory notification for '../../../Engine/Content/' was aborted.
[2017.05.22-15.44.48:411][708]LogDirectoryWatcher: A directory notification for 'C:/Users/Casey/Documents/Unreal Projects/GameProject/Content/' was aborted.
[2017.05.22-15.44.48:412][708]LogDirectoryWatcher: A directory notification for '../../../Engine/Plugins/2D/Paper2D/Content/' was aborted.
[2017.05.22-15.44.48:412][708]LogModuleManager: Shutting down and abandoning module AssetRegistry (73)
[2017.05.22-15.44.48:612][708]LogModuleManager: Shutting down and abandoning module KismetCompiler (72)
[2017.05.22-15.44.48:612][708]LogModuleManager: Shutting down and abandoning module PhysXFormats (71)
[2017.05.22-15.44.48:613][708]LogModuleManager: Shutting down and abandoning module SimplygonSwarm (70)
[2017.05.22-15.44.48:629][708]LogModuleManager: Shutting down and abandoning module SimplygonMeshReduction (69)
[2017.05.22-15.44.48:648][708]LogModuleManager: Shutting down and abandoning module QuadricMeshReduction (68)
[2017.05.22-15.44.48:648][708]LogModuleManager: Shutting down and abandoning module PropertyEditor (67)
[2017.05.22-15.44.48:648][708]LogModuleManager: Shutting down and abandoning module MeshUtilities (66)
[2017.05.22-15.44.48:654][708]LogModuleManager: Shutting down and abandoning module DerivedDataCache (65)
[2017.05.22-15.44.48:700][708]LogDerivedDataCache: Shutdown
[2017.05.22-15.44.48:701][708]LogModuleManager: Shutting down and abandoning module VulkanShaderFormat (64)
[2017.05.22-15.44.48:702][708]LogModuleManager: Shutting down and abandoning module ShaderFormatOpenGL (63)
[2017.05.22-15.44.48:710][708]LogModuleManager: Shutting down and abandoning module ShaderFormatD3D (62)
[2017.05.22-15.44.48:710][708]LogModuleManager: Shutting down and abandoning module MetalShaderFormat (61)
[2017.05.22-15.44.48:712][708]LogModuleManager: Shutting down and abandoning module TextureFormatUncompressed (60)
[2017.05.22-15.44.48:712][708]LogModuleManager: Shutting down and abandoning module TextureFormatPVR (59)
[2017.05.22-15.44.48:712][708]LogModuleManager: Shutting down and abandoning module TextureFormatDXT (58)
[2017.05.22-15.44.48:712][708]LogModuleManager: Shutting down and abandoning module TextureFormatIntelISPCTexComp (57)
[2017.05.22-15.44.48:714][708]LogModuleManager: Shutting down and abandoning module ImageWrapper (56)
[2017.05.22-15.44.48:714][708]LogModuleManager: Shutting down and abandoning module TextureFormatASTC (55)
[2017.05.22-15.44.48:714][708]LogModuleManager: Shutting down and abandoning module TextureFormatAndroid (54)
[2017.05.22-15.44.48:714][708]LogModuleManager: Shutting down and abandoning module AudioFormatOpus (53)
[2017.05.22-15.44.48:716][708]LogModuleManager: Shutting down and abandoning module AudioFormatOgg (52)
[2017.05.22-15.44.48:716][708]LogModuleManager: Shutting down and abandoning module AudioFormatADPCM (51)
[2017.05.22-15.44.48:716][708]LogModuleManager: Shutting down and abandoning module LinuxTargetPlatform (50)
[2017.05.22-15.44.48:716][708]LogModuleManager: Shutting down and abandoning module LinuxServerTargetPlatform (49)
[2017.05.22-15.44.48:716][708]LogModuleManager: Shutting down and abandoning module LinuxNoEditorTargetPlatform (48)
[2017.05.22-15.44.48:716][708]LogModuleManager: Shutting down and abandoning module LinuxClientTargetPlatform (47)
[2017.05.22-15.44.48:717][708]LogModuleManager: Shutting down and abandoning module TVOSTargetPlatform (46)
[2017.05.22-15.44.48:717][708]LogModuleManager: Shutting down and abandoning module Messaging (45)
[2017.05.22-15.44.48:717][708]LogModuleManager: Shutting down and abandoning module IOSTargetPlatform (44)
[2017.05.22-15.44.48:717][708]LogModuleManager: Shutting down and abandoning module HTML5TargetPlatform (43)
[2017.05.22-15.44.48:717][708]LogModuleManager: Shutting down and abandoning module Android_PVRTCTargetPlatform (42)
[2017.05.22-15.44.48:717][708]LogModuleManager: Shutting down and abandoning module Android_MultiTargetPlatform (41)
[2017.05.22-15.44.48:717][708]LogModuleManager: Shutting down and abandoning module Android_ETC2TargetPlatform (40)
[2017.05.22-15.44.48:717][708]LogModuleManager: Shutting down and abandoning module Android_ETC1TargetPlatform (39)
[2017.05.22-15.44.48:717][708]LogModuleManager: Shutting down and abandoning module Android_DXTTargetPlatform (38)
[2017.05.22-15.44.48:717][708]LogModuleManager: Shutting down and abandoning module Android_ATCTargetPlatform (37)
[2017.05.22-15.44.48:717][708]LogModuleManager: Shutting down and abandoning module Android_ASTCTargetPlatform (36)
[2017.05.22-15.44.48:717][708]LogModuleManager: Shutting down and abandoning module AndroidTargetPlatform (35)
[2017.05.22-15.44.48:717][708]LogModuleManager: Shutting down and abandoning module WindowsTargetPlatform (34)
[2017.05.22-15.44.48:717][708]LogModuleManager: Shutting down and abandoning module WindowsServerTargetPlatform (33)
[2017.05.22-15.44.48:717][708]LogModuleManager: Shutting down and abandoning module WindowsNoEditorTargetPlatform (32)
[2017.05.22-15.44.48:717][708]LogModuleManager: Shutting down and abandoning module WindowsClientTargetPlatform (31)
[2017.05.22-15.44.48:717][708]LogModuleManager: Shutting down and abandoning module MacTargetPlatform (30)
[2017.05.22-15.44.48:717][708]LogModuleManager: Shutting down and abandoning module MacServerTargetPlatform (29)
[2017.05.22-15.44.48:717][708]LogModuleManager: Shutting down and abandoning module MacNoEditorTargetPlatform (28)
[2017.05.22-15.44.48:717][708]LogModuleManager: Shutting down and abandoning module MacClientTargetPlatform (27)
[2017.05.22-15.44.48:717][708]LogModuleManager: Shutting down and abandoning module AllDesktopTargetPlatform (26)
[2017.05.22-15.44.48:717][708]LogModuleManager: Shutting down and abandoning module TargetPlatform (25)
[2017.05.22-15.44.48:717][708]LogModuleManager: Shutting down and abandoning module InputCore (24)
[2017.05.22-15.44.48:717][708]LogModuleManager: Shutting down and abandoning module Settings (23)
[2017.05.22-15.44.48:717][708]LogModuleManager: Shutting down and abandoning module OculusRift (22)
[2017.05.22-15.44.48:717][708]LogModuleManager: Shutting down and abandoning module ExampleDeviceProfileSelector (21)
[2017.05.22-15.44.48:717][708]LogModuleManager: Shutting down and abandoning module OnlineBlueprintSupport (20)
[2017.05.22-15.44.48:717][708]LogModuleManager: Shutting down and abandoning module OnlineSubsystem (18)
[2017.05.22-15.44.48:717][708]LogOnline:Display: Unloading online subsystem: NULL
[2017.05.22-15.44.48:740][708]LogModuleManager: Shutting down and abandoning module SSL (17)
[2017.05.22-15.44.48:743][708]LogModuleManager: Shutting down and abandoning module HTTP (16)
[2017.05.22-15.44.48:743][708]LogModuleManager: Shutting down and abandoning module XMPP (15)
[2017.05.22-15.44.48:747][708]LogModuleManager: Shutting down and abandoning module TextureCompressor (14)
[2017.05.22-15.44.48:762][708]LogModuleManager: Shutting down and abandoning module ShaderCore (13)
[2017.05.22-15.44.48:762][708]LogModuleManager: Shutting down and abandoning module Landscape (12)
[2017.05.22-15.44.48:762][708]LogModuleManager: Shutting down and abandoning module SlateRHIRenderer (11)
[2017.05.22-15.44.48:774][708]LogModuleManager: Shutting down and abandoning module OpenGLDrv (10)
[2017.05.22-15.44.48:775][708]LogModuleManager: Shutting down and abandoning module D3D11RHI (9)
[2017.05.22-15.44.48:775][708]LogModuleManager: Shutting down and abandoning module AnimGraphRuntime (8)
[2017.05.22-15.44.48:776][708]LogModuleManager: Shutting down and abandoning module Renderer (7)
[2017.05.22-15.44.48:776][708]LogModuleManager: Shutting down and abandoning module Engine (6)
[2017.05.22-15.44.48:776][708]LogModuleManager: Shutting down and abandoning module CoreUObject (5)
[2017.05.22-15.44.48:776][708]LogModuleManager: Shutting down and abandoning module NetworkFile (4)
[2017.05.22-15.44.48:777][708]LogModuleManager: Shutting down and abandoning module StreamingFile (3)
[2017.05.22-15.44.48:777][708]LogModuleManager: Shutting down and abandoning module SandboxFile (2)
[2017.05.22-15.44.48:777][708]LogModuleManager: Shutting down and abandoning module PakFile (1)
[2017.05.22-15.44.48:787][708]LogExit: Exiting.
[2017.05.22-15.44.48:790][708]Log file closed, 05/22/17 11:44:48
